[2025-11-08T02:56:37.723+0000] {taskinstance.py:1159} INFO - Dependencies all met for dep_context=non-requeueable deps ti=<TaskInstance: etl_fuels.extract_data scheduled__2025-11-07T00:00:00+00:00 [queued]>
[2025-11-08T02:56:37.732+0000] {taskinstance.py:1159} INFO - Dependencies all met for dep_context=requeueable deps ti=<TaskInstance: etl_fuels.extract_data scheduled__2025-11-07T00:00:00+00:00 [queued]>
[2025-11-08T02:56:37.734+0000] {taskinstance.py:1361} INFO - Starting attempt 1 of 2
[2025-11-08T02:56:37.748+0000] {taskinstance.py:1382} INFO - Executing <Task(PythonOperator): extract_data> on 2025-11-07 00:00:00+00:00
[2025-11-08T02:56:37.751+0000] {standard_task_runner.py:57} INFO - Started process 58 to run task
[2025-11-08T02:56:37.757+0000] {standard_task_runner.py:84} INFO - Running: ['***', 'tasks', 'run', 'etl_fuels', 'extract_data', 'scheduled__2025-11-07T00:00:00+00:00', '--job-id', '22', '--raw', '--subdir', 'DAGS_FOLDER/pipeline.py', '--cfg-path', '/tmp/tmp4kf6dypa']
[2025-11-08T02:56:37.758+0000] {standard_task_runner.py:85} INFO - Job 22: Subtask extract_data
[2025-11-08T02:56:37.780+0000] {task_command.py:415} INFO - Running <TaskInstance: etl_fuels.extract_data scheduled__2025-11-07T00:00:00+00:00 [running]> on host 333b959cd8e1
[2025-11-08T02:56:37.822+0000] {taskinstance.py:1660} INFO - Exporting env vars: AIRFLOW_CTX_DAG_OWNER='***' AIRFLOW_CTX_DAG_ID='etl_fuels' AIRFLOW_CTX_TASK_ID='extract_data' AIRFLOW_CTX_EXECUTION_DATE='2025-11-07T00:00:00+00:00' AIRFLOW_CTX_TRY_NUMBER='1' AIRFLOW_CTX_DAG_RUN_ID='scheduled__2025-11-07T00:00:00+00:00'
[2025-11-08T02:56:37.823+0000] {logging_mixin.py:151} INFO - 🔄 Starting extraction process...
[2025-11-08T02:56:37.824+0000] {taskinstance.py:1943} ERROR - Task failed with exception
Traceback (most recent call last):
  File "/home/airflow/.local/lib/python3.8/site-packages/airflow/operators/python.py", line 192, in execute
    return_value = self.execute_callable()
  File "/home/airflow/.local/lib/python3.8/site-packages/airflow/operators/python.py", line 209, in execute_callable
    return self.python_callable(*self.op_args, **self.op_kwargs)
  File "/opt/airflow/dags/pipeline.py", line 46, in extract_data
    url = f'https://gov.br/anp/pt-br/centrais-de-conteudo/dados-abertos/arquivos/shpc/dsan/{increment_data[day]}'
KeyError: 8
[2025-11-08T02:56:37.829+0000] {taskinstance.py:1400} INFO - Marking task as UP_FOR_RETRY. dag_id=etl_fuels, task_id=extract_data, execution_date=20251107T000000, start_date=20251108T025637, end_date=20251108T025637
[2025-11-08T02:56:37.835+0000] {standard_task_runner.py:104} ERROR - Failed to execute job 22 for task extract_data (8; 58)
[2025-11-08T02:56:37.856+0000] {local_task_job_runner.py:228} INFO - Task exited with return code 1
[2025-11-08T02:56:37.870+0000] {taskinstance.py:2784} INFO - 0 downstream tasks scheduled from follow-on schedule check
